{
  "timestamp": 1753465250.8997052,
  "execution_time": 3.6906778812408447,
  "success_rate": 75.0,
  "statistics": {
    "total_tests": 8,
    "passed_tests": 6,
    "failed_tests": 2,
    "skipped_tests": 0,
    "execution_time": 3.6906778812408447
  },
  "test_results": {
    "零容忍核心测试": {
      "name": "零容忍核心测试",
      "passed": true,
      "output": "",
      "error": "2025-07-26 01:40:47,228 - INFO - 🚀 开始零容忍测试套件 (修复版)...\n2025-07-26 01:40:47,229 - INFO - 🧪 执行测试: 主窗口创建测试 (优化版)\nqt.qpa.fonts: Populating font family aliases took 73 ms. Replace uses of missing font family \"Sans Serif\" with one that exists to avoid this cost. \n2025-07-26 01:40:47,708 - INFO - 配置文件加载成功: config/config.json\n2025-07-26 01:40:47,724 - INFO - 配置管理器初始化成功: ConfigManager\n2025-07-26 01:40:47,724 - INFO - ApplicationCore initialized\n2025-07-26 01:40:47,724 - INFO - ErrorRecoveryManager initialized\n2025-07-26 01:40:47,724 - INFO - ErrorRecoveryManager integration successful\n2025-07-26 01:40:47,724 - INFO - Category handler registered for: system\n2025-07-26 01:40:47,724 - INFO - Category handler registered for: application\n2025-07-26 01:40:47,724 - INFO - Category handler registered for: ui\n2025-07-26 01:40:47,724 - INFO - Category handler registered for: data\n2025-07-26 01:40:47,724 - INFO - Category handler registered for: network\n2025-07-26 01:40:47,724 - INFO - Category handler registered for: file\n2025-07-26 01:40:47,724 - INFO - Category handler registered for: security\n2025-07-26 01:40:47,724 - INFO - Category handler registered for: performance\n2025-07-26 01:40:47,724 - INFO - Category handler registered for: validation\n2025-07-26 01:40:47,724 - INFO - Category handler registered for: business\n2025-07-26 01:40:47,724 - INFO - ErrorHandler initialized\n2025-07-26 01:40:47,729 - INFO - ✅ 主窗口创建测试 (优化版) - 通过\n2025-07-26 01:40:47,729 - INFO - 🧪 执行测试: MVVM架构测试 (修复版)\n2025-07-26 01:40:47,731 - INFO - ✅ MVVM架构测试 (修复版) - 通过\n2025-07-26 01:40:47,731 - INFO - 🧪 执行测试: DXF解析器测试 (含测试数据)\n2025-07-26 01:40:47,732 - INFO - 开始解析DXF文件: /Users/vsiyo/Desktop/AIDCIS3-LFS/assets/dxf/DXF Graph/测试管板.dxf\n2025-07-26 01:40:47,732 - INFO - 文件大小: 17683 字节\n2025-07-26 01:40:47,740 - INFO - DXF版本: AC1024\n2025-07-26 01:40:47,740 - INFO - 实体总数: 19\n2025-07-26 01:40:47,740 - INFO - 弧形实体数量: 19\n2025-07-26 01:40:47,740 - INFO - 识别到管孔数量: 9\n2025-07-26 01:40:47,740 - INFO - 几何中心已保存: (200.00, 200.00)\n2025-07-26 01:40:47,740 - INFO - DXF解析完成，共解析出 9 个管孔（耗时0.008秒）\n2025-07-26 01:40:47,740 - INFO - ✅ DXF解析器测试 (含测试数据) - 通过\n2025-07-26 01:40:47,740 - INFO - 🧪 执行测试: 服务层集成测试\n2025-07-26 01:40:47,873 - INFO - ✅ 服务层集成测试 - 通过\n2025-07-26 01:40:47,873 - INFO - 🧪 执行测试: 性能基准测试\n2025-07-26 01:40:47,901 - INFO - ✅ 性能基准测试 - 通过\n2025-07-26 01:40:47,901 - INFO - 📊 生成测试报告...\n2025-07-26 01:40:47,901 - INFO - 📄 测试报告已保存: /Users/vsiyo/Desktop/AIDCIS3-LFS/ZERO_TOLERANCE_TEST_REPORT_FIXED.md\n2025-07-26 01:40:47,901 - INFO - 🎯 测试完成: 5/5 通过\n2025-07-26 01:40:47,901 - INFO - 🎉 所有测试通过！\n",
      "execution_time": 0.7350811958312988,
      "test_count": 0,
      "passed_count": 0,
      "failed_count": 0
    },
    "UI自动化测试": {
      "name": "UI自动化测试",
      "passed": false,
      "output": "============================= test session starts ==============================\nplatform darwin -- Python 3.9.6, pytest-8.3.5, pluggy-1.5.0 -- /Library/Developer/CommandLineTools/usr/bin/python3\ncachedir: .pytest_cache\nrootdir: /Users/vsiyo/Desktop/AIDCIS3-LFS\nconfigfile: pytest.ini\nplugins: anyio-4.9.0, Faker-37.1.0, cov-6.2.1, mock-3.14.1, ordering-0.6, asyncio-1.0.0\nasyncio: mode=strict, asyncio_default_fixture_loop_scope=None, asyncio_default_test_loop_scope=function\ncollecting ... collected 8 items\n\ntests/playwright/test_comprehensive_ui_automation.py::TestMainWindowUIAutomation::test_main_window_ui_elements PASSED [ 12%]\ntests/playwright/test_comprehensive_ui_automation.py::TestMainWindowUIAutomation::test_window_resize_functionality FAILED [ 25%]\ntests/playwright/test_comprehensive_ui_automation.py::TestMainWindowUIAutomation::test_component_loading_sequence PASSED [ 37%]\ntests/playwright/test_comprehensive_ui_automation.py::TestDXFLoadingUIFlow::test_dxf_loading_ui_workflow PASSED [ 50%]\ntests/playwright/test_comprehensive_ui_automation.py::TestDXFLoadingUIFlow::test_dxf_loading_error_handling FAILED [ 62%]\ntests/playwright/test_comprehensive_ui_automation.py::TestUIPerformance::test_window_startup_performance PASSED [ 75%]\ntests/playwright/test_comprehensive_ui_automation.py::TestUIPerformance::test_memory_usage_under_load PASSED [ 87%]\ntests/playwright/test_comprehensive_ui_automation.py::TestUIIntegrationFlow::test_complete_user_workflow PASSED [100%]\n\n=================================== FAILURES ===================================\n_________ TestMainWindowUIAutomation.test_window_resize_functionality __________\ntests/playwright/test_comprehensive_ui_automation.py:114: in test_window_resize_functionality\n    assert abs(current_size.width() - width) <= 20, f\"宽度设置失败: 期望{width}, 实际{current_size.width()}\"\nE   AssertionError: 宽度设置失败: 期望800, 实际1200\nE   assert 400 <= 20\nE    +  where 400 = abs((1200 - 800))\nE    +    where 1200 = <built-in method width of PySide6.QtCore.QSize object at 0x137afb380>()\nE    +      where <built-in method width of PySide6.QtCore.QSize object at 0x137afb380> = PySide6.QtCore.QSize(1200, 800).width\n_____________ TestDXFLoadingUIFlow.test_dxf_loading_error_handling _____________\ntests/playwright/test_comprehensive_ui_automation.py:227: in test_dxf_loading_error_handling\n    assert result is False, \"不存在的文件应该返回失败\"\nE   AssertionError: 不存在的文件应该返回失败\nE   assert True is False\n------------------------------ Captured log call -------------------------------\nERROR    src.controllers.services.file_service:file_service.py:117 Failed to load DXF file: [BusinessController] File does not exist: /path/to/nonexistent/file.dxf\nERROR    src.controllers.main_business_controller:main_business_controller.py:141 Failed to load DXF file: [BusinessController] Failed to load DXF file: [BusinessController] File does not exist: /path/to/nonexistent/file.dxf\n=========================== short test summary info ============================\nFAILED tests/playwright/test_comprehensive_ui_automation.py::TestMainWindowUIAutomation::test_window_resize_functionality\nFAILED tests/playwright/test_comprehensive_ui_automation.py::TestDXFLoadingUIFlow::test_dxf_loading_error_handling\n==================== 2 failed, 6 passed, 1 warning in 2.52s ====================\n",
      "error": "/Users/vsiyo/Library/Python/3.9/lib/python/site-packages/pytest_asyncio/plugin.py:208: PytestDeprecationWarning: The configuration option \"asyncio_default_fixture_loop_scope\" is unset.\nThe event loop scope for asynchronous fixtures will default to the fixture caching scope. Future versions of pytest-asyncio will default the loop scope for asynchronous fixtures to function scope. Set the default fixture loop scope explicitly in order to avoid unexpected behavior in the future. Valid fixture loop scopes are: \"function\", \"class\", \"module\", \"package\", \"session\"\n\n  warnings.warn(PytestDeprecationWarning(_DEFAULT_FIXTURE_LOOP_SCOPE_UNSET))\n",
      "execution_time": 2.9545669555664062,
      "test_count": 8,
      "passed_count": 6,
      "failed_count": 2
    }
  }
}